[2021-04-13 10:36:55.172] [renderer1] [error] Error: Unable to move/copy '/opt/lampp/htdocs/airbnb_criollo/views/layouts/Login.php' because target '/opt/lampp/htdocs/airbnb_criollo/views/Login.php' already exists at destination.
    at s.doValidateMoveCopy (file:///usr/share/code/resources/app/out/vs/workbench/workbench.desktop.main.js:626:34155)
    at async s.doCanMoveCopy (file:///usr/share/code/resources/app/out/vs/workbench/workbench.desktop.main.js:626:31640)
    at async l.doMoveOrCopy (file:///usr/share/code/resources/app/out/vs/workbench/workbench.desktop.main.js:2212:94550)
    at async fa.perform (file:///usr/share/code/resources/app/out/vs/workbench/workbench.desktop.main.js:2218:25603)
    at async n.apply (file:///usr/share/code/resources/app/out/vs/workbench/workbench.desktop.main.js:2218:31440)
    at async o._performFileEdits (file:///usr/share/code/resources/app/out/vs/workbench/workbench.desktop.main.js:2218:33270)
    at async o.perform (file:///usr/share/code/resources/app/out/vs/workbench/workbench.desktop.main.js:2218:32812)
    at async r.apply (file:///usr/share/code/resources/app/out/vs/workbench/workbench.desktop.main.js:2218:35282)
    at async file:///usr/share/code/resources/app/out/vs/workbench/workbench.desktop.main.js:2007:17243
[2021-04-13 10:36:55.205] [renderer1] [error] Unable to move/copy '/opt/lampp/htdocs/airbnb_criollo/views/layouts/Login.php' because target '/opt/lampp/htdocs/airbnb_criollo/views/Login.php' already exists at destination.: Error: Unable to move/copy '/opt/lampp/htdocs/airbnb_criollo/views/layouts/Login.php' because target '/opt/lampp/htdocs/airbnb_criollo/views/Login.php' already exists at destination.
    at s.doValidateMoveCopy (file:///usr/share/code/resources/app/out/vs/workbench/workbench.desktop.main.js:626:34155)
    at async s.doCanMoveCopy (file:///usr/share/code/resources/app/out/vs/workbench/workbench.desktop.main.js:626:31640)
    at async l.doMoveOrCopy (file:///usr/share/code/resources/app/out/vs/workbench/workbench.desktop.main.js:2212:94550)
    at async fa.perform (file:///usr/share/code/resources/app/out/vs/workbench/workbench.desktop.main.js:2218:25603)
    at async n.apply (file:///usr/share/code/resources/app/out/vs/workbench/workbench.desktop.main.js:2218:31440)
    at async o._performFileEdits (file:///usr/share/code/resources/app/out/vs/workbench/workbench.desktop.main.js:2218:33270)
    at async o.perform (file:///usr/share/code/resources/app/out/vs/workbench/workbench.desktop.main.js:2218:32812)
    at async r.apply (file:///usr/share/code/resources/app/out/vs/workbench/workbench.desktop.main.js:2218:35282)
    at async file:///usr/share/code/resources/app/out/vs/workbench/workbench.desktop.main.js:2007:17243
[2021-04-13 12:28:41.383] [renderer1] [error] Illegal argument: character must be non-negative: Error: Illegal argument: character must be non-negative
	at Object.k [as illegalArgument] (/usr/share/code/resources/app/out/vs/workbench/services/extensions/node/extensionHostProcess.js:5:1232)
	at new m (/usr/share/code/resources/app/out/vs/workbench/services/extensions/node/extensionHostProcess.js:81:12337)
	at new m (/usr/share/code/resources/app/out/vs/workbench/services/extensions/node/extensionHostProcess.js:81:11705)
	at asPosition (/root/.vscode/extensions/felixfbecker.php-intellisense-2.3.14/node_modules/vscode-languageclient/lib/protocolConverter.js:53:16)
	at asRange (/root/.vscode/extensions/felixfbecker.php-intellisense-2.3.14/node_modules/vscode-languageclient/lib/protocolConverter.js:59:31)
	at asHover (/root/.vscode/extensions/felixfbecker.php-intellisense-2.3.14/node_modules/vscode-languageclient/lib/protocolConverter.js:134:63)
[2021-04-13 12:28:46.841] [renderer1] [error] Illegal argument: character must be non-negative: Error: Illegal argument: character must be non-negative
	at Object.k [as illegalArgument] (/usr/share/code/resources/app/out/vs/workbench/services/extensions/node/extensionHostProcess.js:5:1232)
	at new m (/usr/share/code/resources/app/out/vs/workbench/services/extensions/node/extensionHostProcess.js:81:12337)
	at new m (/usr/share/code/resources/app/out/vs/workbench/services/extensions/node/extensionHostProcess.js:81:11705)
	at asPosition (/root/.vscode/extensions/felixfbecker.php-intellisense-2.3.14/node_modules/vscode-languageclient/lib/protocolConverter.js:53:16)
	at asRange (/root/.vscode/extensions/felixfbecker.php-intellisense-2.3.14/node_modules/vscode-languageclient/lib/protocolConverter.js:59:31)
	at asHover (/root/.vscode/extensions/felixfbecker.php-intellisense-2.3.14/node_modules/vscode-languageclient/lib/protocolConverter.js:134:63)
