[2021-04-13 10:01:46.886] [exthost] [info] extension host started
[2021-04-13 10:01:46.975] [exthost] [info] ExtensionService#_doActivateExtension vscode.microsoft-authentication {"startup":false,"extensionId":{"value":"vscode.microsoft-authentication","_lower":"vscode.microsoft-authentication"},"activationEvent":"onAuthenticationRequest:microsoft"}
[2021-04-13 10:01:46.975] [exthost] [info] ExtensionService#loadCommonJSModule file:///usr/share/code/resources/app/extensions/microsoft-authentication/dist/extension.js
[2021-04-13 10:01:47.020] [exthost] [info] ExtensionService#_doActivateExtension vscode.debug-auto-launch {"startup":true,"extensionId":{"value":"vscode.debug-auto-launch","_lower":"vscode.debug-auto-launch"},"activationEvent":"*"}
[2021-04-13 10:01:47.020] [exthost] [info] ExtensionService#loadCommonJSModule file:///usr/share/code/resources/app/extensions/debug-auto-launch/dist/extension
[2021-04-13 10:01:47.026] [exthost] [info] ExtensionService#_doActivateExtension vscode.git {"startup":true,"extensionId":{"value":"vscode.github","_lower":"vscode.github"},"activationEvent":"*"}
[2021-04-13 10:01:47.026] [exthost] [info] ExtensionService#loadCommonJSModule file:///usr/share/code/resources/app/extensions/git/dist/main
[2021-04-13 10:01:47.199] [exthost] [info] ExtensionService#_doActivateExtension ms-vscode.js-debug {"startup":false,"extensionId":{"value":"ms-vscode.js-debug","_lower":"ms-vscode.js-debug"},"activationEvent":"onCommand:extension.js-debug.clearAutoAttachVariables"}
[2021-04-13 10:01:47.200] [exthost] [info] ExtensionService#loadCommonJSModule file:///usr/share/code/resources/app/extensions/ms-vscode.js-debug/src/extension.js
[2021-04-13 10:01:47.705] [exthost] [info] ExtensionService#_doActivateExtension vscode.github {"startup":true,"extensionId":{"value":"vscode.github","_lower":"vscode.github"},"activationEvent":"*"}
[2021-04-13 10:01:47.705] [exthost] [info] ExtensionService#loadCommonJSModule file:///usr/share/code/resources/app/extensions/github/dist/extension.js
[2021-04-13 10:01:47.735] [exthost] [info] eager extensions activated
[2021-04-13 10:01:47.739] [exthost] [info] ExtensionService#_doActivateExtension vscode.emmet {"startup":false,"extensionId":{"value":"vscode.emmet","_lower":"vscode.emmet"},"activationEvent":"onStartupFinished"}
[2021-04-13 10:01:47.739] [exthost] [info] ExtensionService#loadCommonJSModule file:///usr/share/code/resources/app/extensions/emmet/dist/node/emmetNodeMain
[2021-04-13 10:01:47.784] [exthost] [info] ExtensionService#_doActivateExtension vscode.merge-conflict {"startup":false,"extensionId":{"value":"vscode.merge-conflict","_lower":"vscode.merge-conflict"},"activationEvent":"onStartupFinished"}
[2021-04-13 10:01:47.784] [exthost] [info] ExtensionService#loadCommonJSModule file:///usr/share/code/resources/app/extensions/merge-conflict/dist/mergeConflictMain
[2021-04-13 10:01:47.788] [exthost] [info] ExtensionService#_doActivateExtension vscode.testing-editor-contributions {"startup":false,"extensionId":{"value":"vscode.testing-editor-contributions","_lower":"vscode.testing-editor-contributions"},"activationEvent":"onStartupFinished"}
[2021-04-13 10:01:47.788] [exthost] [info] ExtensionService#loadCommonJSModule file:///usr/share/code/resources/app/extensions/testing-editor-contributions/dist/extension.js
[2021-04-13 10:01:47.789] [exthost] [info] ExtensionService#_doActivateExtension vscode.github-authentication {"startup":false,"extensionId":{"value":"vscode.github-authentication","_lower":"vscode.github-authentication"},"activationEvent":"onAuthenticationRequest:github"}
[2021-04-13 10:01:47.789] [exthost] [info] ExtensionService#loadCommonJSModule file:///usr/share/code/resources/app/extensions/github-authentication/dist/extension.js
[2021-04-13 10:01:59.391] [exthost] [info] extension host terminating: received terminate message from renderer
[2021-04-13 10:02:00.416] [exthost] [info] exiting with code 0
[2021-04-13 10:02:01.762] [exthost] [info] extension host started
[2021-04-13 10:02:01.884] [exthost] [info] ExtensionService#_doActivateExtension vscode.microsoft-authentication {"startup":false,"extensionId":{"value":"vscode.microsoft-authentication","_lower":"vscode.microsoft-authentication"},"activationEvent":"onAuthenticationRequest:microsoft"}
[2021-04-13 10:02:01.884] [exthost] [info] ExtensionService#loadCommonJSModule file:///usr/share/code/resources/app/extensions/microsoft-authentication/dist/extension.js
[2021-04-13 10:02:01.898] [exthost] [info] ExtensionService#_doActivateExtension vscode.debug-auto-launch {"startup":true,"extensionId":{"value":"vscode.debug-auto-launch","_lower":"vscode.debug-auto-launch"},"activationEvent":"*"}
[2021-04-13 10:02:01.898] [exthost] [info] ExtensionService#loadCommonJSModule file:///usr/share/code/resources/app/extensions/debug-auto-launch/dist/extension
[2021-04-13 10:02:01.906] [exthost] [info] ExtensionService#_doActivateExtension vscode.git {"startup":true,"extensionId":{"value":"vscode.github","_lower":"vscode.github"},"activationEvent":"*"}
[2021-04-13 10:02:01.906] [exthost] [info] ExtensionService#loadCommonJSModule file:///usr/share/code/resources/app/extensions/git/dist/main
[2021-04-13 10:02:02.197] [exthost] [info] ExtensionService#_doActivateExtension ms-vscode.js-debug {"startup":false,"extensionId":{"value":"ms-vscode.js-debug","_lower":"ms-vscode.js-debug"},"activationEvent":"onCommand:extension.js-debug.clearAutoAttachVariables"}
[2021-04-13 10:02:02.197] [exthost] [info] ExtensionService#loadCommonJSModule file:///usr/share/code/resources/app/extensions/ms-vscode.js-debug/src/extension.js
[2021-04-13 10:02:02.328] [exthost] [info] ExtensionService#_doActivateExtension vscode.github {"startup":true,"extensionId":{"value":"vscode.github","_lower":"vscode.github"},"activationEvent":"*"}
[2021-04-13 10:02:02.328] [exthost] [info] ExtensionService#loadCommonJSModule file:///usr/share/code/resources/app/extensions/github/dist/extension.js
[2021-04-13 10:02:02.340] [exthost] [info] ExtensionService#_doActivateExtension felixfbecker.php-intellisense {"startup":true,"extensionId":{"value":"felixfbecker.php-intellisense","_lower":"felixfbecker.php-intellisense"},"activationEvent":"workspaceContains:**/*.php"}
[2021-04-13 10:02:02.340] [exthost] [info] ExtensionService#loadCommonJSModule file:///root/.vscode/extensions/felixfbecker.php-intellisense-2.3.14/out/extension
[2021-04-13 10:02:02.571] [exthost] [info] ExtensionService#_doActivateExtension vscode.github-authentication {"startup":false,"extensionId":{"value":"vscode.github-authentication","_lower":"vscode.github-authentication"},"activationEvent":"onAuthenticationRequest:github"}
[2021-04-13 10:02:02.571] [exthost] [info] ExtensionService#loadCommonJSModule file:///usr/share/code/resources/app/extensions/github-authentication/dist/extension.js
[2021-04-13 10:02:02.684] [exthost] [info] eager extensions activated
[2021-04-13 10:02:02.944] [exthost] [info] ExtensionService#_doActivateExtension vscode.emmet {"startup":false,"extensionId":{"value":"vscode.emmet","_lower":"vscode.emmet"},"activationEvent":"onStartupFinished"}
[2021-04-13 10:02:02.944] [exthost] [info] ExtensionService#loadCommonJSModule file:///usr/share/code/resources/app/extensions/emmet/dist/node/emmetNodeMain
[2021-04-13 10:02:02.950] [exthost] [info] ExtensionService#_doActivateExtension vscode.merge-conflict {"startup":false,"extensionId":{"value":"vscode.merge-conflict","_lower":"vscode.merge-conflict"},"activationEvent":"onStartupFinished"}
[2021-04-13 10:02:02.950] [exthost] [info] ExtensionService#loadCommonJSModule file:///usr/share/code/resources/app/extensions/merge-conflict/dist/mergeConflictMain
[2021-04-13 10:02:02.957] [exthost] [info] ExtensionService#_doActivateExtension vscode.testing-editor-contributions {"startup":false,"extensionId":{"value":"vscode.testing-editor-contributions","_lower":"vscode.testing-editor-contributions"},"activationEvent":"onStartupFinished"}
[2021-04-13 10:02:02.957] [exthost] [info] ExtensionService#loadCommonJSModule file:///usr/share/code/resources/app/extensions/testing-editor-contributions/dist/extension.js
[2021-04-13 10:02:15.734] [exthost] [warning] [Decorations] CAPPING events from decorations provider vscode.git 313
[2021-04-13 10:02:16.875] [exthost] [info] ExtensionService#_doActivateExtension vscode.php-language-features {"startup":false,"extensionId":{"value":"vscode.php-language-features","_lower":"vscode.php-language-features"},"activationEvent":"onLanguage:php"}
[2021-04-13 10:02:16.875] [exthost] [info] ExtensionService#loadCommonJSModule file:///usr/share/code/resources/app/extensions/php-language-features/dist/phpMain
[2021-04-13 10:02:20.805] [exthost] [warning] [Decorations] CAPPING events from decorations provider vscode.git 319
[2021-04-13 10:05:41.850] [exthost] [warning] [Decorations] CAPPING events from decorations provider vscode.git 322
[2021-04-13 10:28:17.733] [exthost] [warning] [Decorations] CAPPING events from decorations provider vscode.git 322
[2021-04-13 10:36:49.136] [exthost] [warning] [Decorations] CAPPING events from decorations provider vscode.git 322
[2021-04-13 10:36:55.269] [exthost] [warning] [Decorations] CAPPING events from decorations provider vscode.git 321
[2021-04-13 10:37:00.337] [exthost] [warning] [Decorations] CAPPING events from decorations provider vscode.git 322
[2021-04-13 10:37:43.538] [exthost] [warning] [Decorations] CAPPING events from decorations provider vscode.git 321
[2021-04-13 10:37:48.614] [exthost] [warning] [Decorations] CAPPING events from decorations provider vscode.git 320
[2021-04-13 10:40:50.323] [exthost] [warning] [Decorations] CAPPING events from decorations provider vscode.git 320
[2021-04-13 10:41:57.691] [exthost] [warning] [Decorations] CAPPING events from decorations provider vscode.git 320
[2021-04-13 10:42:41.939] [exthost] [warning] [Decorations] CAPPING events from decorations provider vscode.git 321
[2021-04-13 10:43:36.503] [exthost] [warning] [Decorations] CAPPING events from decorations provider vscode.git 321
[2021-04-13 10:44:35.355] [exthost] [warning] [Decorations] CAPPING events from decorations provider vscode.git 322
[2021-04-13 10:45:04.917] [exthost] [warning] [Decorations] CAPPING events from decorations provider vscode.git 324
[2021-04-13 10:45:44.919] [exthost] [warning] [Decorations] CAPPING events from decorations provider vscode.git 325
[2021-04-13 10:52:50.521] [exthost] [warning] [Decorations] CAPPING events from decorations provider vscode.git 325
[2021-04-13 10:58:03.913] [exthost] [warning] [Decorations] CAPPING events from decorations provider vscode.git 325
[2021-04-13 10:58:53.130] [exthost] [warning] [Decorations] CAPPING events from decorations provider vscode.git 325
[2021-04-13 10:59:50.904] [exthost] [warning] [Decorations] CAPPING events from decorations provider vscode.git 325
[2021-04-13 11:01:00.540] [exthost] [warning] [Decorations] CAPPING events from decorations provider vscode.git 325
[2021-04-13 11:02:49.386] [exthost] [warning] [Decorations] CAPPING events from decorations provider vscode.git 325
[2021-04-13 11:03:09.143] [exthost] [warning] [Decorations] CAPPING events from decorations provider vscode.git 325
[2021-04-13 11:03:25.224] [exthost] [warning] [Decorations] CAPPING events from decorations provider vscode.git 325
[2021-04-13 11:43:24.245] [exthost] [warning] [Decorations] CAPPING events from decorations provider vscode.git 325
[2021-04-13 11:44:18.840] [exthost] [warning] [Decorations] CAPPING events from decorations provider vscode.git 325
[2021-04-13 12:08:21.015] [exthost] [warning] [Decorations] CAPPING events from decorations provider vscode.git 325
[2021-04-13 12:09:04.900] [exthost] [warning] [Decorations] CAPPING events from decorations provider vscode.git 321
[2021-04-13 12:28:41.368] [exthost] [error] [felixfbecker.php-intellisense] provider FAILED
[2021-04-13 12:28:41.375] [exthost] [error] Error: Illegal argument: character must be non-negative
	at Object.k [as illegalArgument] (/usr/share/code/resources/app/out/vs/workbench/services/extensions/node/extensionHostProcess.js:5:1232)
	at new m (/usr/share/code/resources/app/out/vs/workbench/services/extensions/node/extensionHostProcess.js:81:12337)
	at new m (/usr/share/code/resources/app/out/vs/workbench/services/extensions/node/extensionHostProcess.js:81:11705)
	at asPosition (/root/.vscode/extensions/felixfbecker.php-intellisense-2.3.14/node_modules/vscode-languageclient/lib/protocolConverter.js:53:16)
	at asRange (/root/.vscode/extensions/felixfbecker.php-intellisense-2.3.14/node_modules/vscode-languageclient/lib/protocolConverter.js:59:31)
	at asHover (/root/.vscode/extensions/felixfbecker.php-intellisense-2.3.14/node_modules/vscode-languageclient/lib/protocolConverter.js:134:63)
[2021-04-13 12:28:46.840] [exthost] [error] [felixfbecker.php-intellisense] provider FAILED
[2021-04-13 12:28:46.840] [exthost] [error] Error: Illegal argument: character must be non-negative
	at Object.k [as illegalArgument] (/usr/share/code/resources/app/out/vs/workbench/services/extensions/node/extensionHostProcess.js:5:1232)
	at new m (/usr/share/code/resources/app/out/vs/workbench/services/extensions/node/extensionHostProcess.js:81:12337)
	at new m (/usr/share/code/resources/app/out/vs/workbench/services/extensions/node/extensionHostProcess.js:81:11705)
	at asPosition (/root/.vscode/extensions/felixfbecker.php-intellisense-2.3.14/node_modules/vscode-languageclient/lib/protocolConverter.js:53:16)
	at asRange (/root/.vscode/extensions/felixfbecker.php-intellisense-2.3.14/node_modules/vscode-languageclient/lib/protocolConverter.js:59:31)
	at asHover (/root/.vscode/extensions/felixfbecker.php-intellisense-2.3.14/node_modules/vscode-languageclient/lib/protocolConverter.js:134:63)
[2021-04-13 12:28:47.241] [exthost] [error] [felixfbecker.php-intellisense] provider FAILED
[2021-04-13 12:28:47.242] [exthost] [error] Error: Illegal argument: character must be non-negative
	at Object.k [as illegalArgument] (/usr/share/code/resources/app/out/vs/workbench/services/extensions/node/extensionHostProcess.js:5:1232)
	at new m (/usr/share/code/resources/app/out/vs/workbench/services/extensions/node/extensionHostProcess.js:81:12337)
	at new m (/usr/share/code/resources/app/out/vs/workbench/services/extensions/node/extensionHostProcess.js:81:11705)
	at asPosition (/root/.vscode/extensions/felixfbecker.php-intellisense-2.3.14/node_modules/vscode-languageclient/lib/protocolConverter.js:53:16)
	at asRange (/root/.vscode/extensions/felixfbecker.php-intellisense-2.3.14/node_modules/vscode-languageclient/lib/protocolConverter.js:59:31)
	at asHover (/root/.vscode/extensions/felixfbecker.php-intellisense-2.3.14/node_modules/vscode-languageclient/lib/protocolConverter.js:134:63)
[2021-04-13 12:29:06.673] [exthost] [warning] [Decorations] CAPPING events from decorations provider vscode.git 321
[2021-04-13 12:34:37.119] [exthost] [warning] [Decorations] CAPPING events from decorations provider vscode.git 326
[2021-04-13 12:34:42.227] [exthost] [warning] [Decorations] CAPPING events from decorations provider vscode.git 331
[2021-04-13 12:35:28.552] [exthost] [warning] [Decorations] CAPPING events from decorations provider vscode.git 892
[2021-04-13 12:35:50.937] [exthost] [warning] [Decorations] CAPPING events from decorations provider vscode.git 884
[2021-04-13 12:35:56.007] [exthost] [warning] [Decorations] CAPPING events from decorations provider vscode.git 884
[2021-04-13 12:36:01.776] [exthost] [warning] [Decorations] CAPPING events from decorations provider vscode.git 884
[2021-04-13 12:36:06.862] [exthost] [warning] [Decorations] CAPPING events from decorations provider vscode.git 884
[2021-04-13 12:36:11.929] [exthost] [warning] [Decorations] CAPPING events from decorations provider vscode.git 323
[2021-04-13 12:36:20.382] [exthost] [info] ExtensionService#_doActivateExtension vscode.configuration-editing {"startup":false,"extensionId":{"value":"vscode.configuration-editing","_lower":"vscode.configuration-editing"},"activationEvent":"onLanguage:json"}
[2021-04-13 12:36:20.382] [exthost] [info] ExtensionService#loadCommonJSModule file:///usr/share/code/resources/app/extensions/configuration-editing/dist/configurationEditingMain
[2021-04-13 12:36:20.409] [exthost] [info] ExtensionService#_doActivateExtension vscode.extension-editing {"startup":false,"extensionId":{"value":"vscode.extension-editing","_lower":"vscode.extension-editing"},"activationEvent":"onLanguage:json"}
[2021-04-13 12:36:20.409] [exthost] [info] ExtensionService#loadCommonJSModule file:///usr/share/code/resources/app/extensions/extension-editing/dist/extensionEditingMain
[2021-04-13 12:36:20.764] [exthost] [info] ExtensionService#_doActivateExtension vscode.json-language-features {"startup":false,"extensionId":{"value":"vscode.json-language-features","_lower":"vscode.json-language-features"},"activationEvent":"onLanguage:json"}
[2021-04-13 12:36:20.764] [exthost] [info] ExtensionService#loadCommonJSModule file:///usr/share/code/resources/app/extensions/json-language-features/client/dist/node/jsonClientMain
[2021-04-13 12:36:21.415] [exthost] [info] ExtensionService#_doActivateExtension vscode.npm {"startup":false,"extensionId":{"value":"vscode.npm","_lower":"vscode.npm"},"activationEvent":"onLanguage:json"}
[2021-04-13 12:36:21.415] [exthost] [info] ExtensionService#loadCommonJSModule file:///usr/share/code/resources/app/extensions/npm/dist/npmMain
[2021-04-13 12:36:24.793] [exthost] [warning] [Decorations] CAPPING events from decorations provider vscode.git 323
[2021-04-13 12:36:29.845] [exthost] [warning] [Decorations] CAPPING events from decorations provider vscode.git 322
[2021-04-13 12:36:36.869] [exthost] [warning] [Decorations] CAPPING events from decorations provider vscode.git 325
[2021-04-13 12:36:41.929] [exthost] [warning] [Decorations] CAPPING events from decorations provider vscode.git 325
[2021-04-13 12:36:46.981] [exthost] [warning] [Decorations] CAPPING events from decorations provider vscode.git 325
[2021-04-13 12:36:54.188] [exthost] [warning] [Decorations] CAPPING events from decorations provider vscode.git 325
[2021-04-13 12:36:59.317] [exthost] [warning] [Decorations] CAPPING events from decorations provider vscode.git 325
[2021-04-13 12:37:27.741] [exthost] [warning] [Decorations] CAPPING events from decorations provider vscode.git 325
[2021-04-13 12:39:05.799] [exthost] [warning] [Decorations] CAPPING events from decorations provider vscode.git 888
[2021-04-13 12:39:10.981] [exthost] [warning] [Decorations] CAPPING events from decorations provider vscode.git 888
[2021-04-13 12:44:24.734] [exthost] [warning] [Decorations] CAPPING events from decorations provider vscode.git 888
[2021-04-13 12:44:29.805] [exthost] [warning] [Decorations] CAPPING events from decorations provider vscode.git 888
[2021-04-13 12:44:34.873] [exthost] [warning] [Decorations] CAPPING events from decorations provider vscode.git 888
[2021-04-13 12:44:45.841] [exthost] [warning] [Decorations] CAPPING events from decorations provider vscode.git 888
[2021-04-13 12:44:50.904] [exthost] [warning] [Decorations] CAPPING events from decorations provider vscode.git 888
[2021-04-13 12:44:55.974] [exthost] [warning] [Decorations] CAPPING events from decorations provider vscode.git 888
[2021-04-13 12:47:07.378] [exthost] [info] ExtensionService#_doActivateExtension vscode.markdown-language-features {"startup":false,"extensionId":{"value":"vscode.markdown-language-features","_lower":"vscode.markdown-language-features"},"activationEvent":"onLanguage:markdown"}
[2021-04-13 12:47:07.378] [exthost] [info] ExtensionService#loadCommonJSModule file:///usr/share/code/resources/app/extensions/markdown-language-features/dist/extension
[2021-04-13 12:47:50.144] [exthost] [warning] [Decorations] CAPPING events from decorations provider vscode.git 889
[2021-04-13 14:27:11.420] [exthost] [warning] [Decorations] CAPPING events from decorations provider vscode.git 889
[2021-04-13 14:29:23.195] [exthost] [warning] [Decorations] CAPPING events from decorations provider vscode.git 890
[2021-04-13 14:32:54.699] [exthost] [warning] [Decorations] CAPPING events from decorations provider vscode.git 890
[2021-04-13 14:37:52.975] [exthost] [warning] [Decorations] CAPPING events from decorations provider vscode.git 890
[2021-04-13 14:39:14.479] [exthost] [warning] [Decorations] CAPPING events from decorations provider vscode.git 890
[2021-04-13 14:40:53.678] [exthost] [warning] [Decorations] CAPPING events from decorations provider vscode.git 890
[2021-04-13 14:43:01.187] [exthost] [warning] [Decorations] CAPPING events from decorations provider vscode.git 890
[2021-04-13 14:43:09.145] [exthost] [warning] [Decorations] CAPPING events from decorations provider vscode.git 890
[2021-04-13 14:44:59.415] [exthost] [warning] [Decorations] CAPPING events from decorations provider vscode.git 891
[2021-04-13 14:45:39.924] [exthost] [warning] [Decorations] CAPPING events from decorations provider vscode.git 891
[2021-04-13 14:45:45.033] [exthost] [warning] [Decorations] CAPPING events from decorations provider vscode.git 891
[2021-04-13 14:46:55.205] [exthost] [warning] [Decorations] CAPPING events from decorations provider vscode.git 891
[2021-04-13 14:47:04.479] [exthost] [warning] [Decorations] CAPPING events from decorations provider vscode.git 891
[2021-04-13 14:48:18.823] [exthost] [warning] [Decorations] CAPPING events from decorations provider vscode.git 891
[2021-04-13 14:49:10.656] [exthost] [warning] [Decorations] CAPPING events from decorations provider vscode.git 891
[2021-04-13 14:49:32.491] [exthost] [warning] [Decorations] CAPPING events from decorations provider vscode.git 891
[2021-04-13 14:49:45.343] [exthost] [warning] [Decorations] CAPPING events from decorations provider vscode.git 891
[2021-04-13 14:50:16.557] [exthost] [warning] [Decorations] CAPPING events from decorations provider vscode.git 891
[2021-04-13 14:53:20.571] [exthost] [info] ExtensionService#_doActivateExtension vscode.html-language-features {"startup":false,"extensionId":{"value":"vscode.html-language-features","_lower":"vscode.html-language-features"},"activationEvent":"onLanguage:html"}
[2021-04-13 14:53:20.573] [exthost] [info] ExtensionService#loadCommonJSModule file:///usr/share/code/resources/app/extensions/html-language-features/client/dist/node/htmlClientMain
[2021-04-13 14:53:21.539] [exthost] [warning] [Decorations] CAPPING events from decorations provider vscode.git 892
[2021-04-13 14:58:30.934] [exthost] [warning] [Decorations] CAPPING events from decorations provider vscode.git 894
[2021-04-13 14:58:49.934] [exthost] [warning] [Decorations] CAPPING events from decorations provider vscode.git 894
[2021-04-13 15:02:45.262] [exthost] [warning] [Decorations] CAPPING events from decorations provider vscode.git 894
