Looking for git in: git
Using git 2.25.1 from git
> git rev-parse --git-dir
Open repository: /opt/lampp/htdocs/airbnb2
> git status -z -u
> git symbolic-ref --short HEAD
> git for-each-ref --format=%(refname)%00%(upstream:short)%00%(upstream:track)%00%(objectname) refs/heads/dates-booking refs/remotes/dates-booking
> git for-each-ref --sort -committerdate --format %(refname) %(objectname) %(*objectname)
> git remote --verbose
> git config --get commit.template
> git check-ignore -v -z --stdin
> git check-ignore -v -z --stdin
> git check-ignore -v -z --stdin
> git show --textconv :assests/js/ViewPassword.js
> git ls-files --stage -- /opt/lampp/htdocs/airbnb2/assests/js/ViewPassword.js
> git cat-file -s f7146cb4b39f219f447f32c9d9bb844804312f7d
> git show --textconv :assests/js/validateDate.js
> git ls-files --stage -- /opt/lampp/htdocs/airbnb2/assests/js/validateDate.js
> git status -z -u
> git symbolic-ref --short HEAD
> git for-each-ref --format=%(refname)%00%(upstream:short)%00%(upstream:track)%00%(objectname) refs/heads/dates-booking refs/remotes/dates-booking
> git for-each-ref --sort -committerdate --format %(refname) %(objectname) %(*objectname)
> git remote --verbose
> git config --get commit.template
> git status -z -u
> git symbolic-ref --short HEAD
> git for-each-ref --format=%(refname)%00%(upstream:short)%00%(upstream:track)%00%(objectname) refs/heads/dates-booking refs/remotes/dates-booking
> git for-each-ref --sort -committerdate --format %(refname) %(objectname) %(*objectname)
> git remote --verbose
> git config --get commit.template
> git check-ignore -v -z --stdin
> git show --textconv :views/Lesseegalery.php
> git ls-files --stage -- /opt/lampp/htdocs/airbnb2/views/Lesseegalery.php
> git cat-file -s 4a0cb1423d9585c88fceca247dff0fa6d58ef66d
> git show --textconv :views/GeneralLessee.php
> git ls-files --stage -- /opt/lampp/htdocs/airbnb2/views/GeneralLessee.php
> git cat-file -s 042d60b4518d18441e0b94c4f9856781ceb2aabc
> git check-ignore -v -z --stdin
> git show --textconv :views/Newhomelessor.php
> git ls-files --stage -- /opt/lampp/htdocs/airbnb2/views/Newhomelessor.php
> git cat-file -s 20ea3354a6c362831dd9210c77cf222703829e6b
> git show --textconv :views/Login.php
> git ls-files --stage -- /opt/lampp/htdocs/airbnb2/views/Login.php
> git cat-file -s 80f4dc7474cbb89565766159a260269592f9c978
> git show --textconv :views/Lesseegalery.php
> git ls-files --stage -- /opt/lampp/htdocs/airbnb2/views/Lesseegalery.php
> git cat-file -s 4a0cb1423d9585c88fceca247dff0fa6d58ef66d
> git status -z -u
> git symbolic-ref --short HEAD
> git for-each-ref --format=%(refname)%00%(upstream:short)%00%(upstream:track)%00%(objectname) refs/heads/dates-booking refs/remotes/dates-booking
> git for-each-ref --sort -committerdate --format %(refname) %(objectname) %(*objectname)
> git remote --verbose
> git config --get commit.template
> git status -z -u
> git symbolic-ref --short HEAD
> git for-each-ref --format=%(refname)%00%(upstream:short)%00%(upstream:track)%00%(objectname) refs/heads/dates-booking refs/remotes/dates-booking
> git for-each-ref --sort -committerdate --format %(refname) %(objectname) %(*objectname)
> git remote --verbose
> git config --get commit.template
> git show --textconv :assests/js/validateDate.js
> git ls-files --stage -- /opt/lampp/htdocs/airbnb2/assests/js/validateDate.js
> git show --textconv :views/Lesseegalery.php
> git ls-files --stage -- /opt/lampp/htdocs/airbnb2/views/Lesseegalery.php
> git cat-file -s 4a0cb1423d9585c88fceca247dff0fa6d58ef66d
> git show --textconv :assests/js/validateDate.js
> git ls-files --stage -- /opt/lampp/htdocs/airbnb2/assests/js/validateDate.js
> git status -z -u
> git symbolic-ref --short HEAD
> git for-each-ref --format=%(refname)%00%(upstream:short)%00%(upstream:track)%00%(objectname) refs/heads/dates-booking refs/remotes/dates-booking
> git for-each-ref --sort -committerdate --format %(refname) %(objectname) %(*objectname)
> git remote --verbose
> git config --get commit.template
> git status -z -u
> git symbolic-ref --short HEAD
> git for-each-ref --format=%(refname)%00%(upstream:short)%00%(upstream:track)%00%(objectname) refs/heads/dates-booking refs/remotes/dates-booking
> git for-each-ref --sort -committerdate --format %(refname) %(objectname) %(*objectname)
> git remote --verbose
> git config --get commit.template
> git show --textconv :views/Lesseegalery.php
> git ls-files --stage -- /opt/lampp/htdocs/airbnb2/views/Lesseegalery.php
> git cat-file -s 4a0cb1423d9585c88fceca247dff0fa6d58ef66d
> git show --textconv :views/test.html
> git ls-files --stage -- /opt/lampp/htdocs/airbnb2/views/test.html
> git cat-file -s e69de29bb2d1d6434b8b29ae775ad8c2e48c5391
> git show --textconv :views/Lesseegalery.php
> git ls-files --stage -- /opt/lampp/htdocs/airbnb2/views/Lesseegalery.php
> git cat-file -s 4a0cb1423d9585c88fceca247dff0fa6d58ef66d
> git show --textconv :views/test.html
> git ls-files --stage -- /opt/lampp/htdocs/airbnb2/views/test.html
> git cat-file -s e69de29bb2d1d6434b8b29ae775ad8c2e48c5391
> git show --textconv :views/Lesseegalery.php
> git ls-files --stage -- /opt/lampp/htdocs/airbnb2/views/Lesseegalery.php
> git cat-file -s 4a0cb1423d9585c88fceca247dff0fa6d58ef66d
> git status -z -u
> git symbolic-ref --short HEAD
> git for-each-ref --format=%(refname)%00%(upstream:short)%00%(upstream:track)%00%(objectname) refs/heads/dates-booking refs/remotes/dates-booking
> git for-each-ref --sort -committerdate --format %(refname) %(objectname) %(*objectname)
> git remote --verbose
> git config --get commit.template
> git status -z -u
> git symbolic-ref --short HEAD
> git for-each-ref --format=%(refname)%00%(upstream:short)%00%(upstream:track)%00%(objectname) refs/heads/dates-booking refs/remotes/dates-booking
> git for-each-ref --sort -committerdate --format %(refname) %(objectname) %(*objectname)
> git remote --verbose
> git config --get commit.template
> git show --textconv :views/Login.php
> git ls-files --stage -- /opt/lampp/htdocs/airbnb2/views/Login.php
> git cat-file -s 80f4dc7474cbb89565766159a260269592f9c978
> git show --textconv :views/Lesseegalery.php
> git ls-files --stage -- /opt/lampp/htdocs/airbnb2/views/Lesseegalery.php
> git cat-file -s 4a0cb1423d9585c88fceca247dff0fa6d58ef66d
> git show --textconv :assests/js/validateDate.js
> git ls-files --stage -- /opt/lampp/htdocs/airbnb2/assests/js/validateDate.js
> git status -z -u
> git symbolic-ref --short HEAD
> git for-each-ref --format=%(refname)%00%(upstream:short)%00%(upstream:track)%00%(objectname) refs/heads/dates-booking refs/remotes/dates-booking
> git for-each-ref --sort -committerdate --format %(refname) %(objectname) %(*objectname)
> git remote --verbose
> git config --get commit.template
> git show --textconv :views/Lesseegalery.php
> git ls-files --stage -- /opt/lampp/htdocs/airbnb2/views/Lesseegalery.php
> git cat-file -s 4a0cb1423d9585c88fceca247dff0fa6d58ef66d
> git status -z -u
> git symbolic-ref --short HEAD
> git for-each-ref --format=%(refname)%00%(upstream:short)%00%(upstream:track)%00%(objectname) refs/heads/dates-booking refs/remotes/dates-booking
> git for-each-ref --sort -committerdate --format %(refname) %(objectname) %(*objectname)
> git remote --verbose
> git config --get commit.template
> git show --textconv :views/Register.php
> git ls-files --stage -- /opt/lampp/htdocs/airbnb2/views/Register.php
> git cat-file -s 3f694f35f696ac39af698ef5f8ab3f0b3615df38
> git show --textconv :views/Lesseegalery.php
> git ls-files --stage -- /opt/lampp/htdocs/airbnb2/views/Lesseegalery.php
> git cat-file -s 4a0cb1423d9585c88fceca247dff0fa6d58ef66d
> git status -z -u
> git symbolic-ref --short HEAD
> git for-each-ref --format=%(refname)%00%(upstream:short)%00%(upstream:track)%00%(objectname) refs/heads/dates-booking refs/remotes/dates-booking
> git for-each-ref --sort -committerdate --format %(refname) %(objectname) %(*objectname)
> git remote --verbose
> git config --get commit.template
> git status -z -u
> git symbolic-ref --short HEAD
> git for-each-ref --format=%(refname)%00%(upstream:short)%00%(upstream:track)%00%(objectname) refs/heads/dates-booking refs/remotes/dates-booking
> git for-each-ref --sort -committerdate --format %(refname) %(objectname) %(*objectname)
> git remote --verbose
> git config --get commit.template
> git show --textconv :assests/js/validateDate.js
> git ls-files --stage -- /opt/lampp/htdocs/airbnb2/assests/js/validateDate.js
> git show --textconv :views/Lesseegalery.php
> git ls-files --stage -- /opt/lampp/htdocs/airbnb2/views/Lesseegalery.php
> git cat-file -s 4a0cb1423d9585c88fceca247dff0fa6d58ef66d
> git status -z -u
> git symbolic-ref --short HEAD
> git for-each-ref --format=%(refname)%00%(upstream:short)%00%(upstream:track)%00%(objectname) refs/heads/dates-booking refs/remotes/dates-booking
> git for-each-ref --sort -committerdate --format %(refname) %(objectname) %(*objectname)
> git remote --verbose
> git config --get commit.template
> git show --textconv :views/test.html
> git ls-files --stage -- /opt/lampp/htdocs/airbnb2/views/test.html
> git cat-file -s e69de29bb2d1d6434b8b29ae775ad8c2e48c5391
> git show --textconv :views/Register.php
> git ls-files --stage -- /opt/lampp/htdocs/airbnb2/views/Register.php
> git cat-file -s 3f694f35f696ac39af698ef5f8ab3f0b3615df38
> git status -z -u
> git symbolic-ref --short HEAD
> git for-each-ref --format=%(refname)%00%(upstream:short)%00%(upstream:track)%00%(objectname) refs/heads/dates-booking refs/remotes/dates-booking
> git for-each-ref --sort -committerdate --format %(refname) %(objectname) %(*objectname)
> git remote --verbose
> git config --get commit.template
> git show --textconv :views/Lesseegalery.php
> git ls-files --stage -- /opt/lampp/htdocs/airbnb2/views/Lesseegalery.php
> git cat-file -s 4a0cb1423d9585c88fceca247dff0fa6d58ef66d
> git status -z -u
> git symbolic-ref --short HEAD
> git for-each-ref --format=%(refname)%00%(upstream:short)%00%(upstream:track)%00%(objectname) refs/heads/dates-booking refs/remotes/dates-booking
> git for-each-ref --sort -committerdate --format %(refname) %(objectname) %(*objectname)
> git remote --verbose
> git config --get commit.template
> git show --textconv :views/Register.php
> git ls-files --stage -- /opt/lampp/htdocs/airbnb2/views/Register.php
> git cat-file -s 3f694f35f696ac39af698ef5f8ab3f0b3615df38
> git show --textconv :assests/js/dropdown.js
> git ls-files --stage -- /opt/lampp/htdocs/airbnb2/assests/js/dropdown.js
> git cat-file -s d189079f424cfa96d5c92485189257c5513c364a
> git status -z -u
> git symbolic-ref --short HEAD
> git for-each-ref --format=%(refname)%00%(upstream:short)%00%(upstream:track)%00%(objectname) refs/heads/dates-booking refs/remotes/dates-booking
> git for-each-ref --sort -committerdate --format %(refname) %(objectname) %(*objectname)
> git remote --verbose
> git config --get commit.template
> git show --textconv :views/Lesseegalery.php
> git ls-files --stage -- /opt/lampp/htdocs/airbnb2/views/Lesseegalery.php
> git cat-file -s 4a0cb1423d9585c88fceca247dff0fa6d58ef66d
> git log --format=%H%n%aN%n%aE%n%at%n%ct%n%P%n%B -z -n21 -- /opt/lampp/htdocs/airbnb2/views/Lesseegalery.php
> git log --format=%H%n%aN%n%aE%n%at%n%ct%n%P%n%B -z -n41 -- /opt/lampp/htdocs/airbnb2/views/Lesseegalery.php
> git show --textconv :assests/js/dropdown.js
> git ls-files --stage -- /opt/lampp/htdocs/airbnb2/assests/js/dropdown.js
> git cat-file -s d189079f424cfa96d5c92485189257c5513c364a
> git log --format=%H%n%aN%n%aE%n%at%n%ct%n%P%n%B -z -n21 -- /opt/lampp/htdocs/airbnb2/assests/js/dropdown.js
> git log --format=%H%n%aN%n%aE%n%at%n%ct%n%P%n%B -z -n41 -- /opt/lampp/htdocs/airbnb2/assests/js/dropdown.js
> git show --textconv :assests/js/dropdown.js
> git ls-files --stage -- /opt/lampp/htdocs/airbnb2/assests/js/dropdown.js
> git cat-file -s d189079f424cfa96d5c92485189257c5513c364a
> git show --textconv :views/test.html
> git ls-files --stage -- /opt/lampp/htdocs/airbnb2/views/test.html
> git cat-file -s e69de29bb2d1d6434b8b29ae775ad8c2e48c5391
> git show --textconv :assests/js/dropdown.js
> git ls-files --stage -- /opt/lampp/htdocs/airbnb2/assests/js/dropdown.js
> git cat-file -s d189079f424cfa96d5c92485189257c5513c364a
> git status -z -u
> git symbolic-ref --short HEAD
> git for-each-ref --format=%(refname)%00%(upstream:short)%00%(upstream:track)%00%(objectname) refs/heads/dates-booking refs/remotes/dates-booking
> git for-each-ref --sort -committerdate --format %(refname) %(objectname) %(*objectname)
> git remote --verbose
> git config --get commit.template
> git show --textconv :views/test.html
> git ls-files --stage -- /opt/lampp/htdocs/airbnb2/views/test.html
> git cat-file -s e69de29bb2d1d6434b8b29ae775ad8c2e48c5391
> git show --textconv :views/Register.php
> git ls-files --stage -- /opt/lampp/htdocs/airbnb2/views/Register.php
> git cat-file -s 3f694f35f696ac39af698ef5f8ab3f0b3615df38
> git show --textconv :assests/js/validateDate.js
> git ls-files --stage -- /opt/lampp/htdocs/airbnb2/assests/js/validateDate.js
> git show --textconv :views/Lesseegalery.php
> git ls-files --stage -- /opt/lampp/htdocs/airbnb2/views/Lesseegalery.php
> git cat-file -s 4a0cb1423d9585c88fceca247dff0fa6d58ef66d
> git status -z -u
> git symbolic-ref --short HEAD
> git for-each-ref --format=%(refname)%00%(upstream:short)%00%(upstream:track)%00%(objectname) refs/heads/dates-booking refs/remotes/dates-booking
> git for-each-ref --sort -committerdate --format %(refname) %(objectname) %(*objectname)
> git remote --verbose
> git config --get commit.template
> git status -z -u
> git symbolic-ref --short HEAD
> git for-each-ref --format=%(refname)%00%(upstream:short)%00%(upstream:track)%00%(objectname) refs/heads/dates-booking refs/remotes/dates-booking
> git for-each-ref --sort -committerdate --format %(refname) %(objectname) %(*objectname)
> git remote --verbose
> git config --get commit.template
> git show --textconv :assests/js/validateDate.js
> git ls-files --stage -- /opt/lampp/htdocs/airbnb2/assests/js/validateDate.js
> git status -z -u
> git symbolic-ref --short HEAD
> git for-each-ref --format=%(refname)%00%(upstream:short)%00%(upstream:track)%00%(objectname) refs/heads/dates-booking refs/remotes/dates-booking
> git for-each-ref --sort -committerdate --format %(refname) %(objectname) %(*objectname)
> git remote --verbose
> git config --get commit.template
> git show --textconv :views/Lesseegalery.php
> git ls-files --stage -- /opt/lampp/htdocs/airbnb2/views/Lesseegalery.php
> git cat-file -s 4a0cb1423d9585c88fceca247dff0fa6d58ef66d
> git status -z -u
> git symbolic-ref --short HEAD
> git for-each-ref --format=%(refname)%00%(upstream:short)%00%(upstream:track)%00%(objectname) refs/heads/dates-booking refs/remotes/dates-booking
> git for-each-ref --sort -committerdate --format %(refname) %(objectname) %(*objectname)
> git remote --verbose
> git config --get commit.template
> git show --textconv :assests/js/validateDate.js
> git ls-files --stage -- /opt/lampp/htdocs/airbnb2/assests/js/validateDate.js
> git status -z -u
> git symbolic-ref --short HEAD
> git for-each-ref --format=%(refname)%00%(upstream:short)%00%(upstream:track)%00%(objectname) refs/heads/dates-booking refs/remotes/dates-booking
> git for-each-ref --sort -committerdate --format %(refname) %(objectname) %(*objectname)
> git remote --verbose
> git config --get commit.template
> git status -z -u
> git symbolic-ref --short HEAD
> git for-each-ref --format=%(refname)%00%(upstream:short)%00%(upstream:track)%00%(objectname) refs/heads/dates-booking refs/remotes/dates-booking
> git for-each-ref --sort -committerdate --format %(refname) %(objectname) %(*objectname)
> git remote --verbose
> git config --get commit.template
> git status -z -u
> git symbolic-ref --short HEAD
> git for-each-ref --format=%(refname)%00%(upstream:short)%00%(upstream:track)%00%(objectname) refs/heads/dates-booking refs/remotes/dates-booking
> git for-each-ref --sort -committerdate --format %(refname) %(objectname) %(*objectname)
> git remote --verbose
> git config --get commit.template
> git status -z -u
> git symbolic-ref --short HEAD
> git for-each-ref --format=%(refname)%00%(upstream:short)%00%(upstream:track)%00%(objectname) refs/heads/dates-booking refs/remotes/dates-booking
> git for-each-ref --sort -committerdate --format %(refname) %(objectname) %(*objectname)
> git remote --verbose
> git config --get commit.template
> git status -z -u
> git symbolic-ref --short HEAD
> git for-each-ref --format=%(refname)%00%(upstream:short)%00%(upstream:track)%00%(objectname) refs/heads/dates-booking refs/remotes/dates-booking
> git for-each-ref --sort -committerdate --format %(refname) %(objectname) %(*objectname)
> git remote --verbose
> git config --get commit.template
> git status -z -u
> git symbolic-ref --short HEAD
> git for-each-ref --format=%(refname)%00%(upstream:short)%00%(upstream:track)%00%(objectname) refs/heads/dates-booking refs/remotes/dates-booking
> git for-each-ref --sort -committerdate --format %(refname) %(objectname) %(*objectname)
> git remote --verbose
> git config --get commit.template
> git status -z -u
> git symbolic-ref --short HEAD
> git for-each-ref --format=%(refname)%00%(upstream:short)%00%(upstream:track)%00%(objectname) refs/heads/dates-booking refs/remotes/dates-booking
> git for-each-ref --sort -committerdate --format %(refname) %(objectname) %(*objectname)
> git remote --verbose
> git config --get commit.template
> git status -z -u
> git symbolic-ref --short HEAD
> git for-each-ref --format=%(refname)%00%(upstream:short)%00%(upstream:track)%00%(objectname) refs/heads/dates-booking refs/remotes/dates-booking
> git for-each-ref --sort -committerdate --format %(refname) %(objectname) %(*objectname)
> git remote --verbose
> git config --get commit.template
> git status -z -u
> git symbolic-ref --short HEAD
> git for-each-ref --format=%(refname)%00%(upstream:short)%00%(upstream:track)%00%(objectname) refs/heads/dates-booking refs/remotes/dates-booking
> git for-each-ref --sort -committerdate --format %(refname) %(objectname) %(*objectname)
> git remote --verbose
> git config --get commit.template
> git status -z -u
> git symbolic-ref --short HEAD
> git for-each-ref --format=%(refname)%00%(upstream:short)%00%(upstream:track)%00%(objectname) refs/heads/dates-booking refs/remotes/dates-booking
> git for-each-ref --sort -committerdate --format %(refname) %(objectname) %(*objectname)
> git remote --verbose
> git config --get commit.template
> git status -z -u
> git symbolic-ref --short HEAD
> git for-each-ref --format=%(refname)%00%(upstream:short)%00%(upstream:track)%00%(objectname) refs/heads/dates-booking refs/remotes/dates-booking
> git for-each-ref --sort -committerdate --format %(refname) %(objectname) %(*objectname)
> git remote --verbose
> git config --get commit.template
> git status -z -u
> git symbolic-ref --short HEAD
> git for-each-ref --format=%(refname)%00%(upstream:short)%00%(upstream:track)%00%(objectname) refs/heads/dates-booking refs/remotes/dates-booking
> git for-each-ref --sort -committerdate --format %(refname) %(objectname) %(*objectname)
> git remote --verbose
> git config --get commit.template
> git status -z -u
> git symbolic-ref --short HEAD
> git for-each-ref --format=%(refname)%00%(upstream:short)%00%(upstream:track)%00%(objectname) refs/heads/dates-booking refs/remotes/dates-booking
> git for-each-ref --sort -committerdate --format %(refname) %(objectname) %(*objectname)
> git remote --verbose
> git config --get commit.template
> git status -z -u
> git symbolic-ref --short HEAD
> git for-each-ref --format=%(refname)%00%(upstream:short)%00%(upstream:track)%00%(objectname) refs/heads/dates-booking refs/remotes/dates-booking
> git for-each-ref --sort -committerdate --format %(refname) %(objectname) %(*objectname)
> git remote --verbose
> git config --get commit.template
> git status -z -u
> git symbolic-ref --short HEAD
> git for-each-ref --format=%(refname)%00%(upstream:short)%00%(upstream:track)%00%(objectname) refs/heads/dates-booking refs/remotes/dates-booking
> git for-each-ref --sort -committerdate --format %(refname) %(objectname) %(*objectname)
> git remote --verbose
> git config --get commit.template
> git status -z -u
> git symbolic-ref --short HEAD
> git for-each-ref --format=%(refname)%00%(upstream:short)%00%(upstream:track)%00%(objectname) refs/heads/dates-booking refs/remotes/dates-booking
> git for-each-ref --sort -committerdate --format %(refname) %(objectname) %(*objectname)
> git remote --verbose
> git config --get commit.template
> git status -z -u
> git symbolic-ref --short HEAD
> git for-each-ref --format=%(refname)%00%(upstream:short)%00%(upstream:track)%00%(objectname) refs/heads/dates-booking refs/remotes/dates-booking
> git for-each-ref --sort -committerdate --format %(refname) %(objectname) %(*objectname)
> git remote --verbose
> git config --get commit.template
> git status -z -u
> git symbolic-ref --short HEAD
> git for-each-ref --format=%(refname)%00%(upstream:short)%00%(upstream:track)%00%(objectname) refs/heads/dates-booking refs/remotes/dates-booking
> git for-each-ref --sort -committerdate --format %(refname) %(objectname) %(*objectname)
> git remote --verbose
> git config --get commit.template
> git status -z -u
> git symbolic-ref --short HEAD
> git for-each-ref --format=%(refname)%00%(upstream:short)%00%(upstream:track)%00%(objectname) refs/heads/dates-booking refs/remotes/dates-booking
> git for-each-ref --sort -committerdate --format %(refname) %(objectname) %(*objectname)
> git remote --verbose
> git config --get commit.template
> git status -z -u
> git symbolic-ref --short HEAD
> git for-each-ref --format=%(refname)%00%(upstream:short)%00%(upstream:track)%00%(objectname) refs/heads/dates-booking refs/remotes/dates-booking
> git for-each-ref --sort -committerdate --format %(refname) %(objectname) %(*objectname)
> git remote --verbose
> git config --get commit.template
> git status -z -u
> git symbolic-ref --short HEAD
> git for-each-ref --format=%(refname)%00%(upstream:short)%00%(upstream:track)%00%(objectname) refs/heads/dates-booking refs/remotes/dates-booking
> git for-each-ref --sort -committerdate --format %(refname) %(objectname) %(*objectname)
> git remote --verbose
> git config --get commit.template
> git status -z -u
> git symbolic-ref --short HEAD
> git for-each-ref --format=%(refname)%00%(upstream:short)%00%(upstream:track)%00%(objectname) refs/heads/dates-booking refs/remotes/dates-booking
> git for-each-ref --sort -committerdate --format %(refname) %(objectname) %(*objectname)
> git remote --verbose
> git config --get commit.template
> git status -z -u
> git symbolic-ref --short HEAD
> git for-each-ref --format=%(refname)%00%(upstream:short)%00%(upstream:track)%00%(objectname) refs/heads/dates-booking refs/remotes/dates-booking
> git for-each-ref --sort -committerdate --format %(refname) %(objectname) %(*objectname)
> git remote --verbose
> git config --get commit.template
> git status -z -u
> git symbolic-ref --short HEAD
> git for-each-ref --format=%(refname)%00%(upstream:short)%00%(upstream:track)%00%(objectname) refs/heads/dates-booking refs/remotes/dates-booking
> git for-each-ref --sort -committerdate --format %(refname) %(objectname) %(*objectname)
> git remote --verbose
> git config --get commit.template
> git status -z -u
> git symbolic-ref --short HEAD
> git for-each-ref --format=%(refname)%00%(upstream:short)%00%(upstream:track)%00%(objectname) refs/heads/dates-booking refs/remotes/dates-booking
> git for-each-ref --sort -committerdate --format %(refname) %(objectname) %(*objectname)
> git remote --verbose
> git config --get commit.template
> git status -z -u
> git symbolic-ref --short HEAD
> git for-each-ref --format=%(refname)%00%(upstream:short)%00%(upstream:track)%00%(objectname) refs/heads/dates-booking refs/remotes/dates-booking
> git for-each-ref --sort -committerdate --format %(refname) %(objectname) %(*objectname)
> git remote --verbose
> git config --get commit.template
> git status -z -u
> git symbolic-ref --short HEAD
> git for-each-ref --format=%(refname)%00%(upstream:short)%00%(upstream:track)%00%(objectname) refs/heads/dates-booking refs/remotes/dates-booking
> git for-each-ref --sort -committerdate --format %(refname) %(objectname) %(*objectname)
> git remote --verbose
> git config --get commit.template
> git status -z -u
> git symbolic-ref --short HEAD
> git for-each-ref --format=%(refname)%00%(upstream:short)%00%(upstream:track)%00%(objectname) refs/heads/dates-booking refs/remotes/dates-booking
> git for-each-ref --sort -committerdate --format %(refname) %(objectname) %(*objectname)
> git remote --verbose
> git config --get commit.template
> git status -z -u
> git symbolic-ref --short HEAD
> git for-each-ref --format=%(refname)%00%(upstream:short)%00%(upstream:track)%00%(objectname) refs/heads/dates-booking refs/remotes/dates-booking
> git for-each-ref --sort -committerdate --format %(refname) %(objectname) %(*objectname)
> git remote --verbose
> git config --get commit.template
> git status -z -u
> git symbolic-ref --short HEAD
> git for-each-ref --format=%(refname)%00%(upstream:short)%00%(upstream:track)%00%(objectname) refs/heads/dates-booking refs/remotes/dates-booking
> git for-each-ref --sort -committerdate --format %(refname) %(objectname) %(*objectname)
> git remote --verbose
> git config --get commit.template
> git status -z -u
> git symbolic-ref --short HEAD
> git for-each-ref --format=%(refname)%00%(upstream:short)%00%(upstream:track)%00%(objectname) refs/heads/dates-booking refs/remotes/dates-booking
> git for-each-ref --sort -committerdate --format %(refname) %(objectname) %(*objectname)
> git remote --verbose
> git config --get commit.template
> git status -z -u
> git symbolic-ref --short HEAD
> git for-each-ref --format=%(refname)%00%(upstream:short)%00%(upstream:track)%00%(objectname) refs/heads/dates-booking refs/remotes/dates-booking
> git for-each-ref --sort -committerdate --format %(refname) %(objectname) %(*objectname)
> git remote --verbose
> git config --get commit.template
> git status -z -u
> git symbolic-ref --short HEAD
> git for-each-ref --format=%(refname)%00%(upstream:short)%00%(upstream:track)%00%(objectname) refs/heads/dates-booking refs/remotes/dates-booking
> git for-each-ref --sort -committerdate --format %(refname) %(objectname) %(*objectname)
> git remote --verbose
> git config --get commit.template
> git status -z -u
> git symbolic-ref --short HEAD
> git for-each-ref --format=%(refname)%00%(upstream:short)%00%(upstream:track)%00%(objectname) refs/heads/dates-booking refs/remotes/dates-booking
> git for-each-ref --sort -committerdate --format %(refname) %(objectname) %(*objectname)
> git remote --verbose
> git config --get commit.template
> git status -z -u
> git symbolic-ref --short HEAD
> git for-each-ref --format=%(refname)%00%(upstream:short)%00%(upstream:track)%00%(objectname) refs/heads/dates-booking refs/remotes/dates-booking
> git for-each-ref --sort -committerdate --format %(refname) %(objectname) %(*objectname)
> git remote --verbose
> git config --get commit.template
> git status -z -u
> git symbolic-ref --short HEAD
> git for-each-ref --format=%(refname)%00%(upstream:short)%00%(upstream:track)%00%(objectname) refs/heads/dates-booking refs/remotes/dates-booking
> git for-each-ref --sort -committerdate --format %(refname) %(objectname) %(*objectname)
> git remote --verbose
> git config --get commit.template
> git status -z -u
> git symbolic-ref --short HEAD
> git for-each-ref --format=%(refname)%00%(upstream:short)%00%(upstream:track)%00%(objectname) refs/heads/dates-booking refs/remotes/dates-booking
> git for-each-ref --sort -committerdate --format %(refname) %(objectname) %(*objectname)
> git remote --verbose
> git config --get commit.template
> git status -z -u
> git symbolic-ref --short HEAD
> git for-each-ref --format=%(refname)%00%(upstream:short)%00%(upstream:track)%00%(objectname) refs/heads/dates-booking refs/remotes/dates-booking
> git for-each-ref --sort -committerdate --format %(refname) %(objectname) %(*objectname)
> git remote --verbose
> git config --get commit.template
> git status -z -u
> git symbolic-ref --short HEAD
> git for-each-ref --format=%(refname)%00%(upstream:short)%00%(upstream:track)%00%(objectname) refs/heads/dates-booking refs/remotes/dates-booking
> git for-each-ref --sort -committerdate --format %(refname) %(objectname) %(*objectname)
> git remote --verbose
> git config --get commit.template
> git status -z -u
> git symbolic-ref --short HEAD
> git for-each-ref --format=%(refname)%00%(upstream:short)%00%(upstream:track)%00%(objectname) refs/heads/dates-booking refs/remotes/dates-booking
> git for-each-ref --sort -committerdate --format %(refname) %(objectname) %(*objectname)
> git remote --verbose
> git config --get commit.template
> git status -z -u
> git symbolic-ref --short HEAD
> git for-each-ref --format=%(refname)%00%(upstream:short)%00%(upstream:track)%00%(objectname) refs/heads/dates-booking refs/remotes/dates-booking
> git for-each-ref --sort -committerdate --format %(refname) %(objectname) %(*objectname)
> git remote --verbose
> git config --get commit.template
> git status -z -u
> git symbolic-ref --short HEAD
> git for-each-ref --format=%(refname)%00%(upstream:short)%00%(upstream:track)%00%(objectname) refs/heads/dates-booking refs/remotes/dates-booking
> git for-each-ref --sort -committerdate --format %(refname) %(objectname) %(*objectname)
> git remote --verbose
> git config --get commit.template
> git status -z -u
> git symbolic-ref --short HEAD
> git for-each-ref --format=%(refname)%00%(upstream:short)%00%(upstream:track)%00%(objectname) refs/heads/dates-booking refs/remotes/dates-booking
> git for-each-ref --sort -committerdate --format %(refname) %(objectname) %(*objectname)
> git remote --verbose
> git config --get commit.template
> git show --textconv :views/Lesseegalery.php
> git ls-files --stage -- /opt/lampp/htdocs/airbnb2/views/Lesseegalery.php
> git cat-file -s 4a0cb1423d9585c88fceca247dff0fa6d58ef66d
> git show --textconv :assests/js/validateDate.js
> git ls-files --stage -- /opt/lampp/htdocs/airbnb2/assests/js/validateDate.js
> git status -z -u
> git symbolic-ref --short HEAD
> git for-each-ref --format=%(refname)%00%(upstream:short)%00%(upstream:track)%00%(objectname) refs/heads/dates-booking refs/remotes/dates-booking
> git for-each-ref --sort -committerdate --format %(refname) %(objectname) %(*objectname)
> git remote --verbose
> git config --get commit.template
> git status -z -u
> git symbolic-ref --short HEAD
> git for-each-ref --format=%(refname)%00%(upstream:short)%00%(upstream:track)%00%(objectname) refs/heads/dates-booking refs/remotes/dates-booking
> git for-each-ref --sort -committerdate --format %(refname) %(objectname) %(*objectname)
> git remote --verbose
> git config --get commit.template
> git ls-files --stage -- /opt/lampp/htdocs/airbnb2/assests/js/validateDate.js
> git show --textconv :assests/js/validateDate.js
> git status -z -u
> git symbolic-ref --short HEAD
> git for-each-ref --format=%(refname)%00%(upstream:short)%00%(upstream:track)%00%(objectname) refs/heads/dates-booking refs/remotes/dates-booking
> git for-each-ref --sort -committerdate --format %(refname) %(objectname) %(*objectname)
> git remote --verbose
> git config --get commit.template
