DEBUG     Checking PHPLS_ALLOW_XDEBUG
DEBUG     The xdebug extension is not loaded

[Info  - 12:57:04 p. m.] 30 files total
[Info  - 12:57:04 p. m.] Indexing project for definitions and static references
Parsing file:///opt/lampp/htdocs/airbnb2/utils/funcionesvalidacion.php
Parsing file:///opt/lampp/htdocs/airbnb2/utils/conexion.php
Parsing file:///opt/lampp/htdocs/airbnb2/utils/logout.php
Parsing file:///opt/lampp/htdocs/airbnb2/index.php
Parsing file:///opt/lampp/htdocs/airbnb2/views/LessorHouse.php
Parsing file:///opt/lampp/htdocs/airbnb2/views/Lesseegalery.php
Parsing file:///opt/lampp/htdocs/airbnb2/views/GeneralLessee.php
Parsing file:///opt/lampp/htdocs/airbnb2/views/home-single.php
Parsing file:///opt/lampp/htdocs/airbnb2/views/Porfile.php
Parsing file:///opt/lampp/htdocs/airbnb2/views/LesseeHose.php
Parsing file:///opt/lampp/htdocs/airbnb2/views/BookingLessee.php
Parsing file:///opt/lampp/htdocs/airbnb2/views/LesseeHelp.php
Parsing file:///opt/lampp/htdocs/airbnb2/views/HelpLessor.php
Parsing file:///opt/lampp/htdocs/airbnb2/views/Login.php
Parsing file:///opt/lampp/htdocs/airbnb2/views/layouts/NavbarRegister.php
Parsing file:///opt/lampp/htdocs/airbnb2/views/layouts/NavbarLessee.php
Parsing file:///opt/lampp/htdocs/airbnb2/views/layouts/Navbarlogin.php
Parsing file:///opt/lampp/htdocs/airbnb2/views/layouts/NavbarLessor.php
Parsing file:///opt/lampp/htdocs/airbnb2/views/layouts/Navbarindex.php
Parsing file:///opt/lampp/htdocs/airbnb2/views/layouts/Footer.php
Parsing file:///opt/lampp/htdocs/airbnb2/views/Newhomelessor.php
Parsing file:///opt/lampp/htdocs/airbnb2/views/GeneralLessor.php
Parsing file:///opt/lampp/htdocs/airbnb2/views/Register.php
Parsing file:///opt/lampp/htdocs/airbnb2/controllers/RegisterController.php
Parsing file:///opt/lampp/htdocs/airbnb2/controllers/HouseController.php
Parsing file:///opt/lampp/htdocs/airbnb2/controllers/LoginController.php
Parsing file:///opt/lampp/htdocs/airbnb2/controllers/BookingController.php
Parsing file:///opt/lampp/htdocs/airbnb2/models/Booking.php
Parsing file:///opt/lampp/htdocs/airbnb2/models/House.php
Parsing file:///opt/lampp/htdocs/airbnb2/models/User.php
[Info  - 12:57:04 p. m.] Indexing project for dynamic references
Parsing file:///opt/lampp/htdocs/airbnb2/utils/funcionesvalidacion.php
Parsing file:///opt/lampp/htdocs/airbnb2/utils/conexion.php
Parsing file:///opt/lampp/htdocs/airbnb2/utils/logout.php
Parsing file:///opt/lampp/htdocs/airbnb2/index.php
Parsing file:///opt/lampp/htdocs/airbnb2/views/LessorHouse.php
Parsing file:///opt/lampp/htdocs/airbnb2/views/Lesseegalery.php
Parsing file:///opt/lampp/htdocs/airbnb2/views/GeneralLessee.php
Parsing file:///opt/lampp/htdocs/airbnb2/views/home-single.php
Parsing file:///opt/lampp/htdocs/airbnb2/views/Porfile.php
Parsing file:///opt/lampp/htdocs/airbnb2/views/LesseeHose.php
Parsing file:///opt/lampp/htdocs/airbnb2/views/BookingLessee.php
Parsing file:///opt/lampp/htdocs/airbnb2/views/LesseeHelp.php
Parsing file:///opt/lampp/htdocs/airbnb2/views/HelpLessor.php
Parsing file:///opt/lampp/htdocs/airbnb2/views/Login.php
Parsing file:///opt/lampp/htdocs/airbnb2/views/layouts/NavbarRegister.php
Parsing file:///opt/lampp/htdocs/airbnb2/views/layouts/NavbarLessee.php
Parsing file:///opt/lampp/htdocs/airbnb2/views/layouts/Navbarlogin.php
Parsing file:///opt/lampp/htdocs/airbnb2/views/layouts/NavbarLessor.php
Parsing file:///opt/lampp/htdocs/airbnb2/views/layouts/Navbarindex.php
Parsing file:///opt/lampp/htdocs/airbnb2/views/layouts/Footer.php
Parsing file:///opt/lampp/htdocs/airbnb2/views/Newhomelessor.php
Parsing file:///opt/lampp/htdocs/airbnb2/views/GeneralLessor.php
Parsing file:///opt/lampp/htdocs/airbnb2/views/Register.php
Parsing file:///opt/lampp/htdocs/airbnb2/controllers/RegisterController.php
Parsing file:///opt/lampp/htdocs/airbnb2/controllers/HouseController.php
Parsing file:///opt/lampp/htdocs/airbnb2/controllers/LoginController.php
Parsing file:///opt/lampp/htdocs/airbnb2/controllers/BookingController.php
Parsing file:///opt/lampp/htdocs/airbnb2/models/Booking.php
Parsing file:///opt/lampp/htdocs/airbnb2/models/House.php
Parsing file:///opt/lampp/htdocs/airbnb2/models/User.php
[Info  - 12:57:04 p. m.] 0 Packages
[Info  - 12:57:04 p. m.] All 30 PHP files parsed in 0 seconds. 152 MiB allocated.
