[2021-04-05 12:56:50.212] [exthost] [info] extension host started
[2021-04-05 12:56:50.303] [exthost] [info] ExtensionService#_doActivateExtension vscode.microsoft-authentication {"startup":false,"extensionId":{"value":"vscode.microsoft-authentication","_lower":"vscode.microsoft-authentication"},"activationEvent":"onAuthenticationRequest:microsoft"}
[2021-04-05 12:56:50.304] [exthost] [info] ExtensionService#loadCommonJSModule file:///usr/share/code/resources/app/extensions/microsoft-authentication/dist/extension.js
[2021-04-05 12:56:50.395] [exthost] [info] ExtensionService#_doActivateExtension vscode.debug-auto-launch {"startup":true,"extensionId":{"value":"vscode.debug-auto-launch","_lower":"vscode.debug-auto-launch"},"activationEvent":"*"}
[2021-04-05 12:56:50.395] [exthost] [info] ExtensionService#loadCommonJSModule file:///usr/share/code/resources/app/extensions/debug-auto-launch/dist/extension
[2021-04-05 12:56:50.438] [exthost] [info] ExtensionService#_doActivateExtension vscode.git {"startup":true,"extensionId":{"value":"vscode.github","_lower":"vscode.github"},"activationEvent":"*"}
[2021-04-05 12:56:50.438] [exthost] [info] ExtensionService#loadCommonJSModule file:///usr/share/code/resources/app/extensions/git/dist/main
[2021-04-05 12:56:50.623] [exthost] [info] ExtensionService#_doActivateExtension ms-vscode.js-debug {"startup":false,"extensionId":{"value":"ms-vscode.js-debug","_lower":"ms-vscode.js-debug"},"activationEvent":"onCommand:extension.js-debug.clearAutoAttachVariables"}
[2021-04-05 12:56:50.623] [exthost] [info] ExtensionService#loadCommonJSModule file:///usr/share/code/resources/app/extensions/ms-vscode.js-debug/src/extension.js
[2021-04-05 12:56:50.887] [exthost] [info] ExtensionService#_doActivateExtension vscode.github {"startup":true,"extensionId":{"value":"vscode.github","_lower":"vscode.github"},"activationEvent":"*"}
[2021-04-05 12:56:50.887] [exthost] [info] ExtensionService#loadCommonJSModule file:///usr/share/code/resources/app/extensions/github/dist/extension.js
[2021-04-05 12:56:50.925] [exthost] [info] eager extensions activated
[2021-04-05 12:56:50.949] [exthost] [info] ExtensionService#_doActivateExtension vscode.emmet {"startup":false,"extensionId":{"value":"vscode.emmet","_lower":"vscode.emmet"},"activationEvent":"onStartupFinished"}
[2021-04-05 12:56:50.949] [exthost] [info] ExtensionService#loadCommonJSModule file:///usr/share/code/resources/app/extensions/emmet/dist/node/emmetNodeMain
[2021-04-05 12:56:51.096] [exthost] [info] ExtensionService#_doActivateExtension vscode.merge-conflict {"startup":false,"extensionId":{"value":"vscode.merge-conflict","_lower":"vscode.merge-conflict"},"activationEvent":"onStartupFinished"}
[2021-04-05 12:56:51.099] [exthost] [info] ExtensionService#loadCommonJSModule file:///usr/share/code/resources/app/extensions/merge-conflict/dist/mergeConflictMain
[2021-04-05 12:56:51.548] [exthost] [info] ExtensionService#_doActivateExtension vscode.testing-editor-contributions {"startup":false,"extensionId":{"value":"vscode.testing-editor-contributions","_lower":"vscode.testing-editor-contributions"},"activationEvent":"onStartupFinished"}
[2021-04-05 12:56:51.548] [exthost] [info] ExtensionService#loadCommonJSModule file:///usr/share/code/resources/app/extensions/testing-editor-contributions/dist/extension.js
[2021-04-05 12:56:51.572] [exthost] [info] ExtensionService#_doActivateExtension vscode.github-authentication {"startup":false,"extensionId":{"value":"vscode.github-authentication","_lower":"vscode.github-authentication"},"activationEvent":"onAuthenticationRequest:github"}
[2021-04-05 12:56:51.572] [exthost] [info] ExtensionService#loadCommonJSModule file:///usr/share/code/resources/app/extensions/github-authentication/dist/extension.js
[2021-04-05 12:56:58.267] [exthost] [info] extension host terminating: received terminate message from renderer
[2021-04-05 12:56:59.278] [exthost] [info] exiting with code 0
[2021-04-05 12:57:00.728] [exthost] [info] extension host started
[2021-04-05 12:57:00.773] [exthost] [info] ExtensionService#_doActivateExtension vscode.microsoft-authentication {"startup":false,"extensionId":{"value":"vscode.microsoft-authentication","_lower":"vscode.microsoft-authentication"},"activationEvent":"onAuthenticationRequest:microsoft"}
[2021-04-05 12:57:00.773] [exthost] [info] ExtensionService#loadCommonJSModule file:///usr/share/code/resources/app/extensions/microsoft-authentication/dist/extension.js
[2021-04-05 12:57:00.795] [exthost] [info] ExtensionService#_doActivateExtension vscode.debug-auto-launch {"startup":true,"extensionId":{"value":"vscode.debug-auto-launch","_lower":"vscode.debug-auto-launch"},"activationEvent":"*"}
[2021-04-05 12:57:00.795] [exthost] [info] ExtensionService#loadCommonJSModule file:///usr/share/code/resources/app/extensions/debug-auto-launch/dist/extension
[2021-04-05 12:57:00.801] [exthost] [info] ExtensionService#_doActivateExtension vscode.git {"startup":true,"extensionId":{"value":"vscode.github","_lower":"vscode.github"},"activationEvent":"*"}
[2021-04-05 12:57:00.802] [exthost] [info] ExtensionService#loadCommonJSModule file:///usr/share/code/resources/app/extensions/git/dist/main
[2021-04-05 12:57:00.954] [exthost] [info] ExtensionService#_doActivateExtension ms-vscode.js-debug {"startup":false,"extensionId":{"value":"ms-vscode.js-debug","_lower":"ms-vscode.js-debug"},"activationEvent":"onCommand:extension.js-debug.clearAutoAttachVariables"}
[2021-04-05 12:57:00.954] [exthost] [info] ExtensionService#loadCommonJSModule file:///usr/share/code/resources/app/extensions/ms-vscode.js-debug/src/extension.js
[2021-04-05 12:57:01.134] [exthost] [info] ExtensionService#_doActivateExtension vscode.github {"startup":true,"extensionId":{"value":"vscode.github","_lower":"vscode.github"},"activationEvent":"*"}
[2021-04-05 12:57:01.134] [exthost] [info] ExtensionService#loadCommonJSModule file:///usr/share/code/resources/app/extensions/github/dist/extension.js
[2021-04-05 12:57:01.337] [exthost] [info] ExtensionService#_doActivateExtension vscode.github-authentication {"startup":false,"extensionId":{"value":"vscode.github-authentication","_lower":"vscode.github-authentication"},"activationEvent":"onAuthenticationRequest:github"}
[2021-04-05 12:57:01.337] [exthost] [info] ExtensionService#loadCommonJSModule file:///usr/share/code/resources/app/extensions/github-authentication/dist/extension.js
[2021-04-05 12:57:01.956] [exthost] [info] ExtensionService#_doActivateExtension felixfbecker.php-intellisense {"startup":true,"extensionId":{"value":"felixfbecker.php-intellisense","_lower":"felixfbecker.php-intellisense"},"activationEvent":"workspaceContains:**/*.php"}
[2021-04-05 12:57:01.956] [exthost] [info] ExtensionService#loadCommonJSModule file:///root/.vscode/extensions/felixfbecker.php-intellisense-2.3.14/out/extension
[2021-04-05 12:57:03.339] [exthost] [info] eager extensions activated
[2021-04-05 12:57:03.352] [exthost] [info] ExtensionService#_doActivateExtension vscode.emmet {"startup":false,"extensionId":{"value":"vscode.emmet","_lower":"vscode.emmet"},"activationEvent":"onStartupFinished"}
[2021-04-05 12:57:03.352] [exthost] [info] ExtensionService#loadCommonJSModule file:///usr/share/code/resources/app/extensions/emmet/dist/node/emmetNodeMain
[2021-04-05 12:57:03.369] [exthost] [info] ExtensionService#_doActivateExtension vscode.merge-conflict {"startup":false,"extensionId":{"value":"vscode.merge-conflict","_lower":"vscode.merge-conflict"},"activationEvent":"onStartupFinished"}
[2021-04-05 12:57:03.369] [exthost] [info] ExtensionService#loadCommonJSModule file:///usr/share/code/resources/app/extensions/merge-conflict/dist/mergeConflictMain
[2021-04-05 12:57:03.374] [exthost] [info] ExtensionService#_doActivateExtension vscode.testing-editor-contributions {"startup":false,"extensionId":{"value":"vscode.testing-editor-contributions","_lower":"vscode.testing-editor-contributions"},"activationEvent":"onStartupFinished"}
[2021-04-05 12:57:03.374] [exthost] [info] ExtensionService#loadCommonJSModule file:///usr/share/code/resources/app/extensions/testing-editor-contributions/dist/extension.js
[2021-04-05 12:57:09.139] [exthost] [info] ExtensionService#_doActivateExtension vscode.typescript-language-features {"startup":false,"extensionId":{"value":"vscode.typescript-language-features","_lower":"vscode.typescript-language-features"},"activationEvent":"onLanguage:javascript"}
[2021-04-05 12:57:09.139] [exthost] [info] ExtensionService#loadCommonJSModule file:///usr/share/code/resources/app/extensions/typescript-language-features/dist/extension
[2021-04-05 12:57:28.976] [exthost] [warning] [Decorations] CAPPING events from decorations provider vscode.git 322
[2021-04-05 12:57:35.367] [exthost] [info] ExtensionService#_doActivateExtension vscode.php-language-features {"startup":false,"extensionId":{"value":"vscode.php-language-features","_lower":"vscode.php-language-features"},"activationEvent":"onLanguage:php"}
[2021-04-05 12:57:35.368] [exthost] [info] ExtensionService#loadCommonJSModule file:///usr/share/code/resources/app/extensions/php-language-features/dist/phpMain
[2021-04-05 12:58:28.552] [exthost] [warning] [Decorations] CAPPING events from decorations provider vscode.git 324
[2021-04-05 12:59:24.990] [exthost] [warning] [Decorations] CAPPING events from decorations provider vscode.git 324
[2021-04-05 13:00:13.132] [exthost] [warning] [Decorations] CAPPING events from decorations provider vscode.git 324
[2021-04-05 13:00:28.177] [exthost] [warning] [Decorations] CAPPING events from decorations provider vscode.git 324
[2021-04-05 13:01:32.612] [exthost] [info] ExtensionService#_doActivateExtension vscode.html-language-features {"startup":false,"extensionId":{"value":"vscode.html-language-features","_lower":"vscode.html-language-features"},"activationEvent":"onLanguage:html"}
[2021-04-05 13:01:32.612] [exthost] [info] ExtensionService#loadCommonJSModule file:///usr/share/code/resources/app/extensions/html-language-features/client/dist/node/htmlClientMain
[2021-04-05 13:02:20.913] [exthost] [warning] [Decorations] CAPPING events from decorations provider vscode.git 326
[2021-04-05 13:02:32.713] [exthost] [warning] [Decorations] CAPPING events from decorations provider vscode.git 326
[2021-04-05 13:03:33.470] [exthost] [warning] [Decorations] CAPPING events from decorations provider vscode.git 326
[2021-04-05 13:04:05.758] [exthost] [warning] [Decorations] CAPPING events from decorations provider vscode.git 326
[2021-04-05 13:05:32.698] [exthost] [warning] [Decorations] CAPPING events from decorations provider vscode.git 326
[2021-04-05 13:06:07.966] [exthost] [warning] [Decorations] CAPPING events from decorations provider vscode.git 326
[2021-04-05 13:24:10.821] [exthost] [warning] [Decorations] CAPPING events from decorations provider vscode.git 326
[2021-04-05 13:24:57.067] [exthost] [warning] [Decorations] CAPPING events from decorations provider vscode.git 327
[2021-04-05 13:25:05.655] [exthost] [warning] [Decorations] CAPPING events from decorations provider vscode.git 327
[2021-04-05 13:25:43.521] [exthost] [warning] [Decorations] CAPPING events from decorations provider vscode.git 327
[2021-04-05 13:26:44.782] [exthost] [warning] [Decorations] CAPPING events from decorations provider vscode.git 327
[2021-04-05 13:27:09.867] [exthost] [warning] [Decorations] CAPPING events from decorations provider vscode.git 326
[2021-04-05 13:27:31.442] [exthost] [warning] [Decorations] CAPPING events from decorations provider vscode.git 326
[2021-04-05 13:27:36.560] [exthost] [warning] [Decorations] CAPPING events from decorations provider vscode.git 326
[2021-04-05 13:27:53.425] [exthost] [warning] [Decorations] CAPPING events from decorations provider vscode.git 326
[2021-04-05 14:14:48.261] [exthost] [warning] [Decorations] CAPPING events from decorations provider vscode.git 326
[2021-04-05 14:15:36.631] [exthost] [warning] [Decorations] CAPPING events from decorations provider vscode.git 326
[2021-04-05 14:15:57.018] [exthost] [warning] [Decorations] CAPPING events from decorations provider vscode.git 326
[2021-04-05 14:18:52.836] [exthost] [warning] [Decorations] CAPPING events from decorations provider vscode.git 326
[2021-04-05 14:20:39.406] [exthost] [warning] [Decorations] CAPPING events from decorations provider vscode.git 326
[2021-04-05 14:21:14.445] [exthost] [warning] [Decorations] CAPPING events from decorations provider vscode.git 326
[2021-04-05 14:21:35.817] [exthost] [info] ExtensionService#_doActivateExtension vscode.extension-editing {"startup":false,"extensionId":{"value":"vscode.extension-editing","_lower":"vscode.extension-editing"},"activationEvent":"onLanguage:typescript"}
[2021-04-05 14:21:35.817] [exthost] [info] ExtensionService#loadCommonJSModule file:///usr/share/code/resources/app/extensions/extension-editing/dist/extensionEditingMain
[2021-04-05 14:21:58.850] [exthost] [warning] [Decorations] CAPPING events from decorations provider vscode.git 327
[2021-04-05 14:22:25.336] [exthost] [warning] [Decorations] CAPPING events from decorations provider vscode.git 327
[2021-04-05 14:22:38.267] [exthost] [warning] [Decorations] CAPPING events from decorations provider vscode.git 327
[2021-04-05 14:23:36.185] [exthost] [warning] [Decorations] CAPPING events from decorations provider vscode.git 327
[2021-04-05 14:24:44.125] [exthost] [warning] [Decorations] CAPPING events from decorations provider vscode.git 327
[2021-04-05 14:24:53.311] [exthost] [warning] [Decorations] CAPPING events from decorations provider vscode.git 327
[2021-04-05 14:29:48.141] [exthost] [warning] [Decorations] CAPPING events from decorations provider vscode.git 327
[2021-04-05 14:30:08.867] [exthost] [warning] [Decorations] CAPPING events from decorations provider vscode.git 327
[2021-04-05 14:31:37.409] [exthost] [warning] [Decorations] CAPPING events from decorations provider vscode.git 327
[2021-04-05 14:32:45.550] [exthost] [warning] [Decorations] CAPPING events from decorations provider vscode.git 327
[2021-04-05 14:32:52.839] [exthost] [warning] [Decorations] CAPPING events from decorations provider vscode.git 327
[2021-04-05 14:34:42.254] [exthost] [warning] [Decorations] CAPPING events from decorations provider vscode.git 327
[2021-04-05 14:36:13.060] [exthost] [warning] [Decorations] CAPPING events from decorations provider vscode.git 327
[2021-04-05 14:39:14.806] [exthost] [warning] [Decorations] CAPPING events from decorations provider vscode.git 327
[2021-04-05 14:39:21.877] [exthost] [warning] [Decorations] CAPPING events from decorations provider vscode.git 327
[2021-04-05 14:40:50.270] [exthost] [warning] [Decorations] CAPPING events from decorations provider vscode.git 327
[2021-04-05 14:43:54.928] [exthost] [warning] [Decorations] CAPPING events from decorations provider vscode.git 327
[2021-04-05 14:44:49.979] [exthost] [warning] [Decorations] CAPPING events from decorations provider vscode.git 327
[2021-04-05 14:45:53.438] [exthost] [warning] [Decorations] CAPPING events from decorations provider vscode.git 327
[2021-04-05 14:46:42.643] [exthost] [warning] [Decorations] CAPPING events from decorations provider vscode.git 327
[2021-04-05 14:47:11.960] [exthost] [warning] [Decorations] CAPPING events from decorations provider vscode.git 327
[2021-04-05 14:47:21.438] [exthost] [warning] [Decorations] CAPPING events from decorations provider vscode.git 327
[2021-04-05 14:48:27.303] [exthost] [warning] [Decorations] CAPPING events from decorations provider vscode.git 327
[2021-04-05 14:50:17.110] [exthost] [warning] [Decorations] CAPPING events from decorations provider vscode.git 327
[2021-04-05 14:51:08.680] [exthost] [warning] [Decorations] CAPPING events from decorations provider vscode.git 327
[2021-04-05 14:51:13.778] [exthost] [warning] [Decorations] CAPPING events from decorations provider vscode.git 327
[2021-04-05 14:51:44.428] [exthost] [warning] [Decorations] CAPPING events from decorations provider vscode.git 327
[2021-04-05 14:51:50.163] [exthost] [warning] [Decorations] CAPPING events from decorations provider vscode.git 327
[2021-04-05 14:52:07.778] [exthost] [warning] [Decorations] CAPPING events from decorations provider vscode.git 327
[2021-04-05 14:52:30.441] [exthost] [warning] [Decorations] CAPPING events from decorations provider vscode.git 327
[2021-04-05 14:53:22.297] [exthost] [warning] [Decorations] CAPPING events from decorations provider vscode.git 327
[2021-04-05 14:54:03.451] [exthost] [warning] [Decorations] CAPPING events from decorations provider vscode.git 327
[2021-04-05 14:54:21.900] [exthost] [warning] [Decorations] CAPPING events from decorations provider vscode.git 327
[2021-04-05 14:54:39.668] [exthost] [warning] [Decorations] CAPPING events from decorations provider vscode.git 327
[2021-04-05 14:54:49.442] [exthost] [warning] [Decorations] CAPPING events from decorations provider vscode.git 327
[2021-04-05 14:56:10.077] [exthost] [warning] [Decorations] CAPPING events from decorations provider vscode.git 327
[2021-04-05 14:56:39.669] [exthost] [warning] [Decorations] CAPPING events from decorations provider vscode.git 327
[2021-04-05 14:57:24.958] [exthost] [warning] [Decorations] CAPPING events from decorations provider vscode.git 327
[2021-04-05 14:57:45.721] [exthost] [warning] [Decorations] CAPPING events from decorations provider vscode.git 327
[2021-04-05 14:57:50.819] [exthost] [warning] [Decorations] CAPPING events from decorations provider vscode.git 327
